[  0%] Built target actionlib_msgs_generate_messages_lisp
[  0%] Built target swarmie_msgs_generate_messages_nodejs
[  0%] Built target swarmie_msgs_generate_messages_lisp
[  0%] Built target swarmie_msgs_generate_messages_eus
[  0%] Built target swarmie_msgs_generate_messages_cpp
[  0%] Built target bond_generate_messages_lisp
[  0%] Built target bond_generate_messages_cpp
[  0%] Built target nodelet_generate_messages_nodejs
[  0%] Built target nodelet_generate_messages_lisp
[  0%] Built target apriltags_ros_generate_messages_lisp
[  0%] Built target apriltags_ros_generate_messages_eus
[  0%] Built target apriltags_ros_generate_messages_cpp
[  0%] Built target bond_generate_messages_nodejs
[  0%] Built target nodelet_generate_messages_eus
[  0%] Built target tf2_msgs_generate_messages_nodejs
[  0%] Built target tf2_msgs_generate_messages_lisp
[  0%] Built target nodelet_generate_messages_cpp
[  0%] Built target tf2_msgs_generate_messages_eus
[  0%] Built target rosgraph_msgs_generate_messages_eus
[  0%] Built target actionlib_generate_messages_eus
[  0%] Built target roscpp_generate_messages_nodejs
[  0%] Built target apriltags_ros_generate_messages_nodejs
[  0%] Built target rosgraph_msgs_generate_messages_lisp
[  0%] Built target tf_generate_messages_eus
[  0%] Built target swarmie_msgs_generate_messages_py
[  0%] Built target bond_generate_messages_eus
[  0%] Built target roscpp_generate_messages_eus
[  0%] Built target std_msgs_generate_messages_eus
[  0%] Built target roscpp_generate_messages_lisp
[  0%] Built target geometry_msgs_generate_messages_nodejs
[  0%] Built target rosgraph_msgs_generate_messages_cpp
[  0%] Built target tf2_msgs_generate_messages_cpp
[  0%] Built target tf_generate_messages_cpp
[  0%] Built target std_msgs_generate_messages_lisp
[  0%] Built target bond_generate_messages_py
[  0%] Built target geometry_msgs_generate_messages_lisp
[  0%] Built target apriltags_ros_generate_messages_py
[  0%] Built target std_msgs_generate_messages_py
[  0%] Built target geometry_msgs_generate_messages_eus
[  0%] Built target nodelet_generate_messages_py
[  0%] Built target roscpp_generate_messages_cpp
[  0%] Built target actionlib_msgs_generate_messages_py
[  0%] Built target geometry_msgs_generate_messages_cpp
[  0%] Built target std_msgs_generate_messages_nodejs
[  0%] Built target sensor_msgs_generate_messages_nodejs
[  0%] Built target geometry_msgs_generate_messages_py
[  0%] Built target rosgraph_msgs_generate_messages_nodejs
[  0%] Built target sensor_msgs_generate_messages_lisp
[  0%] Built target sensor_msgs_generate_messages_cpp
[  0%] Built target rosgraph_msgs_generate_messages_py
[  0%] Built target tf_generate_messages_lisp
[  0%] Built target roscpp_generate_messages_py
[  0%] Built target tf_generate_messages_nodejs
[  0%] Built target tf_generate_messages_py
[  0%] Built target sensor_msgs_generate_messages_py
[  0%] Built target actionlib_generate_messages_cpp
[  0%] Built target tf2_msgs_generate_messages_py
[  0%] Built target actionlib_msgs_generate_messages_nodejs
[  0%] Built target actionlib_msgs_generate_messages_eus
[  0%] Built target actionlib_generate_messages_lisp
[  0%] Built target std_msgs_generate_messages_cpp
[  0%] Built target actionlib_msgs_generate_messages_cpp
[  0%] Built target sensor_msgs_generate_messages_eus
[  0%] Built target actionlib_generate_messages_nodejs
[  0%] Built target actionlib_generate_messages_py
[35m[1mScanning dependencies of target behaviours[0m
[  8%] [32mBuilding CXX object CMakeFiles/behaviours.dir/src/ROSAdapter.cpp.o[0m
[01m[K/home/timeinvestor2/SwarmBaseCode-ROS/src/behaviours/src/ROSAdapter.cpp:[m[K In function â€˜[01m[Kvoid behaviourStateMachine(const ros::TimerEvent&)[m[Kâ€™:
[01m[K/home/timeinvestor2/SwarmBaseCode-ROS/src/behaviours/src/ROSAdapter.cpp:297:5:[m[K [01;31m[Kerror: [m[Kâ€˜[01m[Kmsg[m[Kâ€™ was not declared in this scope
     msg.data = numberOfRovers;
[01;32m[K     ^[m[K
[01m[K/home/timeinvestor2/SwarmBaseCode-ROS/src/behaviours/src/ROSAdapter.cpp:298:30:[m[K [01;31m[Kerror: [m[Kâ€˜[01m[Kmsg[m[Kâ€™ was not declared in this scope
     infoLogPublisher.publish(msg);
[01;32m[K                              ^[m[K
CMakeFiles/behaviours.dir/build.make:182: recipe for target 'CMakeFiles/behaviours.dir/src/ROSAdapter.cpp.o' failed
make[2]: *** [CMakeFiles/behaviours.dir/src/ROSAdapter.cpp.o] Error 1
CMakeFiles/Makefile2:131: recipe for target 'CMakeFiles/behaviours.dir/all' failed
make[1]: *** [CMakeFiles/behaviours.dir/all] Error 2
Makefile:138: recipe for target 'all' failed
make: *** [all] Error 2
