[01m[K/home/timeinvestor2/SwarmBaseCode-ROS/src/behaviours/src/ROSAdapter.cpp:[m[K In function â€˜[01m[Kvoid behaviourStateMachine(const ros::TimerEvent&)[m[Kâ€™:
[01m[K/home/timeinvestor2/SwarmBaseCode-ROS/src/behaviours/src/ROSAdapter.cpp:297:5:[m[K [01;31m[Kerror: [m[Kâ€˜[01m[Kmsg[m[Kâ€™ was not declared in this scope
     msg.data = numberOfRovers;
[01;32m[K     ^[m[K
[01m[K/home/timeinvestor2/SwarmBaseCode-ROS/src/behaviours/src/ROSAdapter.cpp:298:30:[m[K [01;31m[Kerror: [m[Kâ€˜[01m[Kmsg[m[Kâ€™ was not declared in this scope
     infoLogPublisher.publish(msg);
[01;32m[K                              ^[m[K
make[2]: *** [CMakeFiles/behaviours.dir/src/ROSAdapter.cpp.o] Error 1
make[1]: *** [CMakeFiles/behaviours.dir/all] Error 2
make: *** [all] Error 2
