[01m[K/home/timeinvestor2/SwarmBaseCode-ROS/src/behaviours/src/ROSAdapter.cpp:129:18:[m[K [01;31m[Kerror: [m[Kredefinition of â€˜[01m[Kstd_msgs::String msg[m[Kâ€™
 std_msgs::String msg; //used for passing messages to the GUI
[01;32m[K                  ^[m[K
[01m[K/home/timeinvestor2/SwarmBaseCode-ROS/src/behaviours/src/ROSAdapter.cpp:101:18:[m[K [01;36m[Knote: [m[Kâ€˜[01m[Kstd_msgs::String msg[m[Kâ€™ previously declared here
 std_msgs::String msg;
[01;32m[K                  ^[m[K
[01m[K/home/timeinvestor2/SwarmBaseCode-ROS/src/behaviours/src/ROSAdapter.cpp:[m[K In function â€˜[01m[Kint main(int, char**)[m[Kâ€™:
[01m[K/home/timeinvestor2/SwarmBaseCode-ROS/src/behaviours/src/ROSAdapter.cpp:257:3:[m[K [01;31m[Kerror: [m[Kâ€˜[01m[Kss[m[Kâ€™ was not declared in this scope
   ss << "Rover start delay set to " << startDelayInSeconds << " seconds";
[01;32m[K   ^[m[K
make[2]: *** [CMakeFiles/behaviours.dir/src/ROSAdapter.cpp.o] Error 1
make[1]: *** [CMakeFiles/behaviours.dir/all] Error 2
make: *** [all] Error 2
